\BOOKMARK [1][-]{section.1}{Introduction}{}% 1
\BOOKMARK [1][-]{section.2}{Continuous-time Markov chains}{}% 2
\BOOKMARK [2][-]{subsection.2.1}{General theory and definitions}{section.2}% 3
\BOOKMARK [2][-]{subsection.2.2}{Transition function and q-matrix}{section.2}% 4
\BOOKMARK [2][-]{subsection.2.3}{Markov jump processes}{section.2}% 5
\BOOKMARK [2][-]{subsection.2.4}{Classification of states and stationary measures}{section.2}% 6
\BOOKMARK [2][-]{subsection.2.5}{Examples of continuous-time Markov chains}{section.2}% 7
\BOOKMARK [1][-]{section.3}{Renewal theory}{}% 8
\BOOKMARK [2][-]{subsection.3.1}{Definitions}{section.3}% 9
\BOOKMARK [2][-]{subsection.3.2}{Iterates of the limit distribution of the remaining life time}{section.3}% 10
\BOOKMARK [2][-]{subsection.3.3}{Some convergence results}{section.3}% 11
\BOOKMARK [1][-]{section.4}{The Main Theorem}{}% 12
\BOOKMARK [2][-]{subsection.4.1}{Setting and Theorem}{section.4}% 13
\BOOKMARK [2][-]{subsection.4.2}{A stationary Markov jump process related to qsd.}{section.4}% 14
\BOOKMARK [2][-]{subsection.4.3}{Quasi-stationary distribution as fixpoint}{section.4}% 15
\BOOKMARK [2][-]{subsection.4.4}{Checking the assumptions of Schauder-Tychonov fixpoint theorem}{section.4}% 16
\BOOKMARK [2][-]{subsection.4.5}{Associated renewal processes}{section.4}% 17
\BOOKMARK [2][-]{subsection.4.6}{Examples}{section.4}% 18
\BOOKMARK [3][-]{subsubsection.4.6.1}{The Random Walk}{subsection.4.6}% 19
\BOOKMARK [3][-]{subsubsection.4.6.2}{Linear birth and death process}{subsection.4.6}% 20
\BOOKMARK [3][-]{subsubsection.4.6.3}{M/M/ Queue}{subsection.4.6}% 21
\BOOKMARK [3][-]{subsubsection.4.6.4}{Markov branching process}{subsection.4.6}% 22
\BOOKMARK [1][-]{section.5}{Minimal quasi-stationary distributions}{}% 23
\BOOKMARK [2][-]{subsection.5.1}{Setting and Main Theorem}{section.5}% 24
\BOOKMARK [2][-]{subsection.5.2}{Birth and Death Process}{section.5}% 25
\BOOKMARK [1][-]{section.6}{Acknowledgments}{}% 26
\BOOKMARK [1][-]{appendix.A}{Appendix}{}% 27
